SF:lib/core/engines/romanizer.dart
DA:10,0
DA:187,2
DA:188,2
DA:191,2
DA:194,2
DA:198,2
DA:199,2
DA:201,4
DA:202,2
DA:203,4
DA:204,2
DA:205,2
DA:206,4
DA:207,2
DA:208,2
DA:209,2
DA:213,6
DA:218,8
DA:219,2
DA:220,4
DA:221,4
DA:222,2
DA:233,2
DA:234,4
DA:239,2
DA:242,2
DA:245,2
DA:250,2
DA:254,2
DA:257,2
DA:260,2
DA:272,2
DA:273,4
DA:276,2
DA:279,2
DA:280,1
DA:285,2
DA:286,2
DA:288,1
DA:289,1
DA:292,2
DA:293,1
DA:295,0
DA:300,1
DA:308,2
DA:309,1
DA:312,1
DA:313,1
DA:317,2
DA:318,1
DA:320,1
DA:325,1
DA:333,2
DA:336,12
DA:339,2
DA:342,2
DA:343,0
DA:344,2
DA:345,0
DA:347,1
DA:349,1
DA:354,4
DA:356,4
DA:357,2
DA:361,2
DA:363,0
DA:365,1
DA:367,1
DA:372,2
DA:373,4
DA:375,2
DA:376,1
DA:379,0
DA:380,0
DA:385,2
DA:386,6
DA:389,2
DA:390,2
DA:399,2
DA:403,4
DA:405,2
DA:407,2
DA:409,1
DA:416,2
DA:417,4
DA:420,4
DA:421,1
DA:426,4
DA:427,1
DA:437,2
DA:438,4
DA:440,2
DA:442,2
DA:445,1
DA:453,2
DA:454,2
DA:455,6
DA:456,2
DA:457,2
DA:459,4
DA:460,2
DA:461,6
DA:462,8
DA:463,1
DA:465,6
DA:467,6
DA:468,4
DA:469,6
DA:471,2
DA:472,4
DA:473,4
DA:477,2
DA:484,2
DA:485,2
DA:486,2
DA:487,3
DA:493,2
DA:505,2
DA:515,2
DA:534,2
LF:120
LH:113
end_of_record
SF:lib/core/engines/hangul_engine.dart
DA:9,0
DA:104,4
DA:105,8
DA:112,4
DA:113,4
DA:114,8
DA:115,4
DA:117,4
DA:118,8
DA:119,12
DA:120,4
DA:122,8
DA:123,4
DA:124,4
DA:125,4
DA:134,3
DA:135,3
DA:136,12
DA:138,3
DA:142,1
DA:143,2
DA:144,2
DA:145,2
DA:147,6
DA:151,1
DA:155,1
DA:156,1
DA:157,2
DA:158,2
DA:160,1
LF:30
LH:29
end_of_record
SF:lib/core/engines/jamo.dart
DA:8,4
DA:23,1
DA:26,1
DA:27,3
DA:28,3
DA:29,3
DA:32,0
DA:33,0
DA:35,0
DA:36,0
LF:10
LH:6
end_of_record
SF:lib/core/engines/hangul_tables.dart
DA:9,0
DA:72,9
DA:73,3
DA:74,9
DA:75,6
DA:78,3
LF:6
LH:5
end_of_record
SF:lib/core/engines/keyboard_converter.dart
DA:9,0
DA:28,6
DA:29,2
DA:30,4
DA:31,6
DA:32,2
DA:36,2
DA:40,6
DA:42,6
DA:49,2
DA:50,2
DA:52,2
DA:53,4
DA:54,2
DA:56,2
DA:58,1
DA:62,2
DA:69,2
DA:70,2
DA:72,2
DA:73,4
DA:74,2
DA:76,2
DA:77,2
DA:78,4
DA:79,8
DA:80,4
DA:82,4
DA:83,4
DA:85,8
DA:87,4
DA:88,4
DA:90,4
DA:91,4
DA:93,8
DA:97,2
DA:98,0
DA:100,1
DA:103,2
DA:115,2
DA:116,2
DA:119,4
DA:120,2
DA:122,4
DA:123,4
DA:124,2
DA:125,2
DA:127,1
DA:128,1
DA:135,2
DA:136,4
DA:137,0
DA:138,0
DA:143,14
DA:144,1
DA:145,1
DA:150,4
DA:151,2
DA:154,4
DA:155,2
DA:156,2
DA:158,4
DA:161,1
DA:165,2
DA:166,4
DA:167,0
DA:168,0
DA:175,10
DA:176,2
DA:178,4
DA:181,14
DA:183,6
DA:184,8
DA:186,4
DA:188,4
DA:192,2
DA:194,7
DA:197,1
DA:201,1
DA:207,2
DA:212,2
DA:217,4
DA:220,2
LF:83
LH:77
end_of_record
SF:lib/core/entities/phrase.dart
DA:35,4
LF:1
LH:1
end_of_record
SF:lib/core/entities/phrase.g.dart
DA:9,4
DA:10,2
DA:11,2
DA:12,2
DA:14,8
DA:16,4
DA:17,4
DA:20,2
DA:21,2
DA:24,1
DA:25,1
DA:26,1
DA:27,1
DA:28,1
DA:29,1
DA:30,1
DA:31,1
DA:32,1
LF:18
LH:18
end_of_record
SF:lib/core/entities/phrase_pack.dart
DA:34,2
DA:35,2
LF:2
LH:2
end_of_record
SF:lib/core/entities/phrase_pack.g.dart
DA:9,2
DA:10,2
DA:11,2
DA:12,2
DA:13,2
DA:14,2
DA:15,2
DA:16,2
DA:17,6
DA:18,2
DA:22,1
DA:23,1
DA:24,1
DA:25,1
DA:26,1
DA:27,1
DA:28,1
DA:29,1
LF:18
LH:18
end_of_record
SF:lib/core/usecases/get_daily_card_usecase.dart
DA:17,1
DA:22,1
DA:23,2
DA:24,4
DA:27,1
DA:28,2
DA:29,4
DA:30,4
DA:34,1
DA:37,2
DA:38,2
DA:39,1
DA:41,1
DA:51,1
DA:52,1
DA:54,2
DA:55,3
LF:17
LH:17
end_of_record
SF:lib/core/usecases/update_streak_usecase.dart
DA:10,1
DA:15,1
DA:16,2
DA:17,1
DA:18,1
DA:21,2
DA:26,2
DA:30,1
DA:31,1
DA:35,2
DA:37,2
DA:38,2
DA:39,2
DA:43,1
DA:45,2
DA:51,2
DA:53,2
DA:54,1
DA:56,2
DA:57,2
DA:58,2
DA:61,2
DA:65,2
DA:67,2
DA:74,2
DA:76,2
DA:82,2
DA:86,1
DA:87,8
DA:89,1
DA:90,1
DA:91,1
DA:92,3
LF:33
LH:33
end_of_record
SF:lib/core/entities/kpop_event.dart
DA:30,3
DA:31,3
LF:2
LH:2
end_of_record
SF:lib/core/entities/kpop_event.g.dart
DA:9,3
DA:10,3
DA:11,3
DA:12,3
DA:13,3
DA:14,3
DA:15,3
DA:18,1
DA:19,1
DA:20,1
DA:21,1
DA:22,1
DA:23,1
DA:24,1
LF:14
LH:14
end_of_record
SF:lib/core/usecases/get_today_events_usecase.dart
DA:10,2
DA:13,2
DA:14,2
DA:16,14
DA:17,4
LF:5
LH:5
end_of_record
SF:lib/core/usecases/get_phrases_by_situation_usecase.dart
DA:11,1
DA:14,1
DA:15,2
DA:17,3
DA:18,4
DA:19,1
LF:6
LH:6
end_of_record
SF:lib/core/usecases/get_phrases_usecase.dart
DA:8,1
DA:11,3
LF:2
LH:2
end_of_record
SF:lib/core/usecases/get_phrases_by_tag_usecase.dart
DA:10,1
DA:13,1
DA:14,2
DA:16,3
DA:17,4
DA:18,1
LF:6
LH:6
end_of_record
SF:lib/platform/bubble_state.dart
DA:18,2
DA:19,2
DA:20,6
DA:21,1
LF:4
LH:4
end_of_record
SF:lib/platform/floating_bubble_channel.dart
DA:21,0
DA:22,0
DA:23,0
DA:28,1
DA:30,1
DA:32,1
DA:38,1
DA:40,1
DA:42,0
DA:48,1
DA:50,1
DA:54,0
DA:62,1
DA:64,1
DA:68,0
DA:74,1
DA:76,1
DA:77,1
DA:78,1
DA:87,0
DA:89,0
DA:93,0
DA:94,0
DA:95,0
DA:104,0
DA:106,0
DA:110,0
DA:111,0
DA:112,0
LF:29
LH:13
end_of_record
SF:lib/data/datasources/calendar_local_datasource.dart
DA:17,2
DA:18,1
DA:21,2
DA:22,3
DA:25,4
DA:26,2
DA:27,2
DA:28,6
DA:29,2
DA:31,2
DA:36,2
DA:37,2
DA:38,10
LF:13
LH:13
end_of_record
SF:lib/data/datasources/user_progress_local_datasource.dart
DA:21,0
DA:28,0
DA:29,0
DA:30,0
DA:37,0
DA:38,0
DA:40,0
DA:41,0
DA:46,0
DA:47,0
DA:56,0
DA:57,0
DA:58,0
DA:59,0
DA:61,0
DA:62,0
DA:65,0
DA:66,0
DA:67,0
DA:68,0
DA:69,0
DA:70,0
DA:73,0
DA:74,0
DA:75,0
DA:76,0
DA:77,0
DA:78,0
DA:79,0
DA:80,0
DA:81,0
DA:84,0
DA:85,0
DA:86,0
DA:87,0
DA:88,0
DA:89,0
DA:91,0
DA:93,0
DA:94,0
DA:95,0
LF:41
LH:0
end_of_record
SF:lib/data/repositories/user_progress_repository_impl.dart
DA:9,1
DA:11,1
DA:12,2
DA:14,1
DA:16,2
DA:18,1
DA:20,2
DA:21,1
DA:23,8
DA:26,2
LF:10
LH:10
end_of_record
SF:lib/data/datasources/phrase_local_datasource.dart
DA:29,1
DA:30,1
DA:35,1
DA:36,1
DA:37,3
DA:40,2
DA:41,2
DA:42,1
DA:44,2
DA:49,1
DA:50,3
DA:54,0
DA:55,0
DA:56,0
DA:59,0
DA:61,0
DA:66,1
DA:69,3
DA:70,1
DA:71,1
LF:20
LH:15
end_of_record
SF:lib/data/repositories/phrase_repository_impl.dart
DA:9,1
DA:11,1
DA:12,2
DA:14,0
DA:16,0
LF:5
LH:3
end_of_record
SF:lib/presentation/providers/template_phrase_provider.dart
DA:8,3
DA:9,3
DA:11,6
DA:12,6
DA:13,6
DA:14,6
DA:15,2
DA:16,4
DA:25,1
DA:30,4
DA:33,4
LF:11
LH:11
end_of_record
SF:lib/presentation/providers/bubble_providers.dart
DA:13,0
DA:15,0
DA:28,2
DA:30,2
DA:31,2
DA:32,10
DA:36,8
DA:39,2
DA:40,6
DA:44,2
DA:45,8
DA:46,2
DA:53,1
DA:54,2
DA:56,1
DA:57,2
DA:58,1
DA:59,2
DA:60,1
DA:65,1
DA:66,2
DA:67,1
DA:68,1
DA:72,1
DA:73,2
DA:79,1
DA:80,2
DA:84,1
DA:85,3
DA:89,0
DA:90,0
DA:94,0
DA:95,0
DA:98,1
DA:99,1
DA:101,3
DA:102,1
DA:103,4
DA:105,1
LF:39
LH:33
end_of_record
SF:lib/presentation/providers/bubble_providers.g.dart
DA:9,0
DA:16,4
DA:17,2
DA:31,2
DA:41,4
DA:42,2
LF:6
LH:5
end_of_record
SF:lib/presentation/providers/analytics_providers.g.dart
DA:9,5
DA:18,15
LF:2
LH:2
end_of_record
SF:lib/presentation/providers/analytics_providers.dart
DA:12,5
DA:14,5
LF:2
LH:2
end_of_record
SF:lib/services/noop_analytics_service.dart
DA:10,6
DA:13,18
DA:17,1
DA:20,3
LF:4
LH:4
end_of_record
SF:lib/services/analytics_events.dart
DA:5,0
DA:31,0
LF:2
LH:0
end_of_record
SF:lib/presentation/providers/converter_providers.dart
DA:50,2
DA:54,1
DA:55,1
DA:56,1
DA:62,2
DA:63,2
DA:64,2
DA:67,2
DA:73,0
DA:78,2
DA:79,2
LF:11
LH:10
end_of_record
SF:lib/presentation/providers/converter_providers.g.dart
DA:9,2
DA:18,4
DA:19,2
LF:3
LH:3
end_of_record
SF:lib/presentation/providers/theme_providers.dart
DA:8,0
DA:10,0
DA:21,2
DA:23,6
DA:24,2
DA:27,1
DA:28,3
DA:29,1
DA:34,1
DA:35,1
DA:36,3
DA:37,2
LF:12
LH:10
end_of_record
SF:lib/presentation/providers/theme_providers.g.dart
DA:9,0
DA:15,6
DA:28,2
DA:37,4
DA:38,2
LF:5
LH:4
end_of_record
SF:lib/presentation/providers/calendar_providers.g.dart
DA:9,1
DA:14,2
DA:15,1
DA:29,1
DA:34,2
DA:35,1
DA:48,1
DA:53,2
DA:54,1
DA:68,1
DA:74,3
DA:86,1
DA:96,4
DA:97,2
LF:14
LH:14
end_of_record
SF:lib/presentation/providers/calendar_providers.dart
DA:15,1
DA:18,1
DA:21,1
DA:23,3
DA:26,1
DA:28,3
DA:32,1
DA:34,3
DA:41,1
DA:43,3
DA:44,2
DA:46,0
DA:51,0
DA:52,0
DA:55,0
DA:57,0
DA:58,0
DA:60,0
DA:61,0
DA:62,0
DA:64,0
LF:21
LH:11
end_of_record
SF:lib/presentation/providers/compact_phrase_filter_provider.dart
DA:38,2
DA:40,2
DA:41,2
DA:42,2
DA:44,1
DA:45,1
DA:46,1
DA:47,1
DA:48,2
DA:54,1
DA:56,1
DA:57,1
DA:58,4
DA:60,1
DA:65,2
DA:66,2
DA:67,4
DA:68,2
DA:69,8
DA:71,2
DA:79,1
DA:81,1
DA:82,1
DA:83,4
DA:85,1
DA:90,1
DA:92,1
DA:93,1
DA:94,4
DA:96,1
DA:100,2
DA:102,2
DA:104,2
DA:105,6
DA:106,1
DA:107,1
DA:109,2
DA:111,0
DA:120,2
DA:123,6
DA:126,4
DA:127,6
DA:128,2
DA:129,2
DA:137,2
DA:139,6
DA:140,4
DA:142,3
DA:145,1
DA:146,2
DA:147,2
DA:148,2
DA:153,4
DA:154,1
DA:157,2
DA:159,6
DA:160,10
DA:161,1
DA:162,3
DA:164,10
DA:170,1
DA:171,3
DA:172,1
DA:174,3
DA:176,7
DA:178,4
DA:182,1
DA:183,3
DA:187,2
DA:189,6
DA:192,2
DA:193,6
DA:194,1
DA:195,1
DA:199,2
DA:200,6
DA:201,10
DA:202,2
LF:78
LH:77
end_of_record
SF:lib/presentation/providers/compact_phrase_filter_provider.g.dart
DA:9,2
DA:19,4
DA:20,2
DA:33,2
DA:40,6
DA:53,2
DA:63,6
LF:7
LH:7
end_of_record
SF:lib/presentation/providers/favorite_phrases_provider.dart
DA:21,4
DA:23,4
DA:26,4
DA:27,4
DA:29,3
DA:37,3
DA:38,6
DA:39,3
DA:41,2
DA:43,3
DA:45,6
DA:46,3
DA:47,12
DA:49,3
DA:54,1
DA:55,3
DA:57,3
DA:59,3
DA:60,9
DA:62,0
LF:20
LH:19
end_of_record
SF:lib/presentation/providers/favorite_phrases_provider.g.dart
DA:9,4
DA:20,12
LF:2
LH:2
end_of_record
SF:lib/presentation/providers/my_idol_provider.dart
DA:20,3
DA:22,3
DA:23,3
DA:24,3
DA:32,1
DA:34,1
DA:36,2
DA:38,1
DA:39,1
DA:41,0
DA:46,1
DA:48,1
DA:50,1
DA:52,1
DA:53,1
DA:55,0
DA:61,0
DA:63,0
DA:64,0
DA:65,0
DA:67,0
DA:68,0
DA:75,3
DA:77,9
DA:81,1
DA:82,1
DA:85,0
DA:86,0
DA:87,0
LF:29
LH:18
end_of_record
SF:lib/presentation/providers/my_idol_provider.g.dart
DA:9,0
DA:15,0
DA:28,3
DA:37,12
DA:50,3
DA:59,6
DA:60,3
LF:7
LH:5
end_of_record
SF:lib/presentation/providers/phrase_providers.g.dart
DA:9,0
DA:14,0
DA:15,0
DA:29,0
DA:33,0
DA:46,0
DA:50,0
DA:51,0
DA:64,0
DA:69,0
DA:70,0
DA:84,0
DA:89,0
DA:90,0
DA:104,0
DA:109,0
DA:110,0
DA:123,0
DA:129,6
DA:141,0
DA:145,0
DA:147,0
DA:149,0
DA:151,0
DA:152,0
DA:155,0
DA:157,0
DA:159,0
DA:160,0
DA:177,3
DA:182,0
DA:185,0
DA:190,0
DA:194,0
DA:195,0
DA:201,0
DA:206,0
DA:210,0
DA:221,0
DA:223,0
DA:224,0
DA:240,0
DA:248,0
DA:252,0
DA:256,0
DA:258,0
DA:259,0
DA:260,0
DA:265,0
DA:270,0
DA:272,0
DA:275,0
DA:277,0
DA:280,0
DA:282,0
DA:283,0
DA:285,0
DA:299,0
DA:301,0
DA:302,0
DA:305,0
DA:321,3
DA:326,0
DA:329,0
DA:334,0
DA:338,0
DA:339,0
DA:345,0
DA:350,0
DA:354,0
DA:366,0
DA:368,0
DA:369,0
DA:385,0
DA:393,0
DA:397,0
DA:401,0
DA:403,0
DA:404,0
DA:405,0
DA:410,0
DA:415,0
DA:417,0
DA:420,0
DA:422,0
DA:425,0
DA:427,0
DA:428,0
DA:430,0
DA:444,0
DA:446,0
DA:447,0
DA:450,0
DA:465,3
DA:470,0
DA:473,0
DA:478,0
DA:482,0
DA:483,0
DA:489,0
DA:494,0
DA:498,0
DA:509,0
DA:511,0
DA:512,0
DA:527,0
DA:535,0
DA:539,0
DA:543,0
DA:545,0
DA:546,0
DA:547,0
DA:552,0
DA:557,0
DA:559,0
DA:562,0
DA:564,0
DA:567,0
DA:569,0
DA:570,0
DA:572,0
DA:585,0
DA:587,0
DA:588,0
LF:124
LH:4
end_of_record
SF:lib/presentation/providers/phrase_providers.dart
DA:16,0
DA:18,0
DA:21,0
DA:23,0
DA:26,0
DA:28,0
DA:31,0
DA:33,0
DA:36,0
DA:39,0
DA:42,0
DA:44,0
DA:48,0
DA:50,0
DA:54,0
DA:56,0
DA:60,0
DA:63,0
DA:67,0
DA:69,0
LF:20
LH:0
end_of_record
SF:lib/core/entities/idol_group.dart
DA:23,0
DA:24,0
LF:2
LH:0
end_of_record
SF:lib/core/entities/idol_group.g.dart
DA:9,0
DA:10,0
DA:11,0
DA:12,0
DA:13,0
DA:16,0
DA:17,0
DA:18,0
DA:19,0
DA:20,0
LF:10
LH:0
end_of_record
SF:lib/data/repositories/calendar_repository_impl.dart
DA:9,1
DA:11,0
DA:12,0
DA:14,1
DA:16,2
LF:5
LH:3
end_of_record
SF:lib/presentation/providers/keyboard_providers.dart
DA:33,1
DA:36,9
DA:45,3
DA:49,1
DA:50,4
DA:51,2
DA:52,1
DA:53,1
DA:54,1
DA:62,2
DA:63,6
DA:64,4
LF:12
LH:12
end_of_record
SF:lib/presentation/providers/keyboard_providers.g.dart
DA:9,3
DA:18,6
DA:19,3
LF:3
LH:3
end_of_record
SF:lib/presentation/providers/copy_history_provider.dart
DA:22,3
DA:24,6
DA:25,3
DA:32,2
DA:33,2
DA:35,4
DA:36,2
DA:37,2
DA:39,4
DA:40,2
DA:42,2
DA:44,2
DA:48,1
DA:49,2
DA:50,1
DA:53,3
DA:55,3
DA:58,3
DA:59,3
DA:61,2
DA:64,2
DA:65,2
DA:66,1
DA:67,1
DA:70,3
DA:71,0
DA:75,0
DA:79,2
DA:81,2
DA:82,2
DA:83,6
LF:31
LH:29
end_of_record
SF:lib/presentation/providers/copy_history_provider.g.dart
DA:9,3
DA:19,6
DA:20,3
LF:3
LH:3
end_of_record
SF:lib/presentation/constants/ui_strings.dart
DA:20,0
DA:46,0
DA:116,0
DA:119,0
LF:4
LH:0
end_of_record
SF:lib/presentation/screens/settings_screen.dart
DA:14,1
DA:16,1
DA:18,2
DA:19,1
DA:21,1
DA:22,1
DA:23,1
DA:24,1
DA:26,1
DA:28,1
DA:30,1
DA:31,3
DA:33,1
DA:51,1
DA:52,0
DA:54,0
DA:55,0
DA:69,1
DA:73,0
DA:74,0
DA:90,1
DA:92,1
DA:94,2
DA:96,1
DA:99,1
DA:100,2
DA:102,0
DA:105,1
DA:106,0
DA:109,0
DA:116,1
DA:118,1
DA:120,2
DA:121,1
DA:123,1
DA:128,0
DA:130,0
DA:132,0
DA:138,0
DA:139,0
DA:140,0
DA:143,0
DA:144,0
DA:148,0
DA:149,0
DA:151,0
DA:154,0
DA:155,0
DA:156,0
DA:159,0
DA:160,0
DA:167,0
DA:168,0
DA:170,0
DA:171,0
DA:174,0
DA:175,0
DA:182,0
DA:186,0
DA:189,0
DA:190,0
DA:192,0
DA:195,0
DA:196,0
DA:197,0
DA:200,0
DA:201,0
DA:208,0
DA:209,0
LF:69
LH:27
end_of_record
SF:lib/presentation/screens/mini_converter_screen.dart
DA:21,2
DA:22,2
DA:31,0
DA:33,1
DA:35,1
DA:59,4
DA:60,3
DA:62,1
DA:64,1
DA:65,2
DA:66,2
DA:67,2
DA:68,3
DA:70,1
DA:76,1
DA:79,1
DA:81,2
DA:82,2
DA:83,3
DA:84,2
DA:85,2
DA:86,1
DA:89,0
DA:91,0
DA:95,0
DA:100,0
DA:101,0
DA:102,0
DA:103,0
DA:104,0
DA:105,0
DA:106,0
DA:107,0
DA:108,0
DA:109,0
DA:112,0
DA:113,0
DA:114,0
DA:117,1
DA:118,5
DA:121,1
DA:122,1
DA:123,5
DA:126,0
DA:127,0
DA:128,0
DA:131,0
DA:132,0
DA:133,0
DA:134,0
DA:136,0
DA:137,0
DA:139,0
DA:142,0
DA:143,0
DA:144,0
DA:145,0
DA:146,0
DA:148,0
DA:149,0
DA:150,0
DA:152,0
DA:155,0
DA:156,0
DA:157,0
DA:158,0
DA:160,0
DA:161,0
DA:163,0
DA:166,0
DA:167,0
DA:168,0
DA:169,0
DA:171,0
DA:175,1
DA:176,1
DA:177,2
DA:178,2
DA:179,5
DA:182,0
DA:184,1
DA:186,3
DA:188,1
DA:190,1
DA:192,1
DA:194,1
DA:196,1
DA:197,0
DA:198,1
DA:202,4
DA:203,4
DA:204,1
DA:205,3
DA:210,1
DA:214,2
DA:223,1
DA:224,1
DA:225,1
DA:226,1
DA:227,1
DA:228,1
DA:229,1
DA:230,1
DA:241,1
DA:242,1
DA:243,2
DA:244,5
DA:245,1
DA:246,3
DA:248,3
DA:249,0
DA:250,2
DA:251,1
DA:253,1
DA:255,1
DA:260,1
DA:262,1
DA:264,1
DA:267,1
DA:268,2
DA:269,1
DA:270,1
DA:271,1
DA:272,1
DA:281,1
DA:282,3
DA:285,1
DA:286,0
DA:287,0
DA:288,0
DA:291,1
DA:292,1
DA:293,1
DA:294,1
DA:295,1
DA:296,4
DA:298,1
DA:299,1
DA:301,1
DA:302,1
DA:304,3
DA:305,1
DA:306,0
DA:307,0
DA:312,1
DA:313,1
DA:314,2
DA:315,1
DA:316,1
DA:317,1
DA:318,1
DA:325,1
DA:326,1
DA:328,1
DA:329,1
DA:330,1
DA:331,1
DA:336,1
DA:338,4
DA:341,1
DA:343,1
LF:161
LH:105
end_of_record
SF:lib/presentation/widgets/compact_phrase_list.dart
DA:26,1
DA:38,1
DA:40,2
DA:42,1
DA:43,1
DA:44,1
DA:45,1
DA:51,1
DA:52,1
DA:53,1
DA:54,1
DA:55,2
DA:56,1
DA:64,1
DA:65,1
DA:71,0
DA:72,0
DA:73,0
DA:74,0
DA:75,0
DA:76,0
DA:88,1
DA:92,1
DA:93,1
DA:101,1
DA:104,1
DA:106,1
DA:108,4
DA:109,2
DA:110,0
DA:112,2
DA:116,1
DA:118,2
DA:119,2
DA:120,1
DA:123,1
DA:125,1
DA:127,3
DA:128,3
DA:129,3
DA:130,3
DA:133,1
DA:134,1
DA:135,1
DA:136,1
DA:137,2
DA:140,3
DA:141,1
DA:144,3
DA:145,3
DA:147,1
DA:148,1
DA:150,1
DA:151,2
DA:154,6
DA:155,1
DA:158,0
DA:159,0
DA:160,0
DA:161,0
DA:163,1
DA:164,1
DA:165,3
DA:166,1
DA:170,0
DA:171,0
DA:172,0
DA:173,0
DA:177,0
DA:178,0
DA:179,0
DA:180,0
DA:183,1
DA:184,0
DA:187,1
DA:188,1
DA:206,1
DA:214,1
DA:224,1
DA:227,1
DA:228,1
DA:229,1
DA:230,1
DA:239,0
DA:241,1
DA:243,1
DA:244,0
DA:249,0
DA:250,0
DA:251,0
DA:252,0
DA:253,0
DA:254,0
DA:255,0
DA:262,1
DA:263,1
DA:264,1
DA:265,1
DA:266,1
DA:267,1
DA:268,1
DA:269,0
DA:270,1
DA:271,1
DA:272,1
DA:273,2
DA:279,1
DA:281,1
DA:282,1
DA:283,1
DA:284,1
DA:285,3
DA:286,4
DA:287,3
DA:302,1
DA:310,1
DA:312,1
DA:314,3
DA:315,3
DA:317,1
DA:319,1
DA:321,1
DA:323,1
DA:324,2
DA:325,2
DA:328,4
DA:330,1
DA:331,2
DA:332,3
DA:333,2
DA:338,1
DA:340,1
DA:342,1
DA:343,1
DA:344,1
DA:346,0
DA:349,0
DA:351,0
DA:352,0
DA:356,1
DA:359,0
DA:368,0
DA:369,0
DA:370,0
DA:371,0
DA:373,0
DA:374,0
LF:147
LH:106
end_of_record
SF:lib/presentation/widgets/converter_input.dart
DA:15,1
DA:42,1
DA:44,1
DA:46,1
DA:48,1
DA:50,1
DA:51,1
DA:54,2
DA:55,1
DA:56,1
DA:57,3
DA:58,0
DA:60,0
DA:67,2
DA:68,0
DA:70,0
DA:71,0
DA:72,0
DA:74,0
DA:76,0
DA:77,0
DA:78,0
DA:79,0
DA:80,0
DA:85,0
DA:86,0
DA:87,0
DA:88,0
DA:89,0
DA:90,0
DA:91,0
DA:92,0
LF:32
LH:12
end_of_record
SF:lib/presentation/widgets/korean_keyboard.dart
DA:24,2
DA:44,2
DA:45,2
DA:97,2
DA:99,2
DA:100,2
DA:101,2
DA:106,1
DA:107,3
DA:108,1
DA:110,1
DA:111,1
DA:113,3
DA:114,5
DA:121,0
DA:122,0
DA:123,0
DA:124,0
DA:126,0
DA:127,0
DA:128,0
DA:131,0
DA:132,0
DA:133,0
DA:134,0
DA:135,0
DA:136,0
DA:137,0
DA:138,0
DA:140,0
DA:141,0
DA:142,0
DA:145,0
DA:154,0
DA:155,0
DA:156,0
DA:157,0
DA:158,0
DA:163,2
DA:165,6
DA:166,6
DA:170,2
DA:173,2
DA:175,2
DA:176,2
DA:178,2
DA:180,2
DA:189,2
DA:190,2
DA:192,2
DA:193,4
DA:194,2
DA:197,2
DA:198,4
DA:199,2
DA:203,2
DA:208,2
DA:209,2
DA:210,2
DA:211,2
DA:212,4
DA:213,2
DA:216,2
DA:217,4
DA:218,0
DA:222,2
DA:223,2
DA:225,4
DA:226,2
DA:227,2
DA:235,2
DA:236,2
DA:237,2
DA:238,2
DA:240,2
DA:242,2
DA:243,4
DA:244,0
DA:245,0
DA:248,2
DA:249,4
DA:251,2
DA:254,2
DA:255,4
DA:256,0
DA:260,2
DA:262,2
DA:264,4
LF:88
LH:60
end_of_record
SF:lib/presentation/widgets/compact_phrase_tile.dart
DA:20,1
DA:32,1
DA:34,1
DA:36,3
DA:37,3
DA:39,1
DA:42,1
DA:43,2
DA:44,2
DA:48,3
DA:49,1
DA:50,2
DA:51,3
DA:52,2
DA:58,1
DA:60,1
DA:61,1
DA:62,1
DA:65,2
DA:70,1
DA:72,3
DA:73,3
DA:76,1
DA:81,2
DA:85,0
DA:89,1
DA:90,4
DA:91,6
DA:92,3
DA:94,1
DA:95,1
DA:96,2
DA:97,0
DA:100,1
DA:102,2
DA:103,2
LF:36
LH:34
end_of_record
SF:lib/presentation/widgets/copy_feedback_overlay.dart
DA:16,0
DA:22,1
DA:23,1
DA:25,2
DA:28,1
DA:31,1
DA:34,1
DA:38,1
DA:43,1
DA:44,2
DA:46,1
DA:61,1
DA:62,1
DA:65,2
DA:66,1
DA:67,1
DA:68,1
DA:70,1
LF:18
LH:17
end_of_record
SF:lib/presentation/widgets/pack_filter_chips.dart
DA:12,2
DA:60,2
DA:62,6
DA:63,8
DA:65,2
DA:67,2
DA:71,2
DA:72,2
DA:73,4
DA:75,2
DA:76,2
DA:77,1
DA:79,2
DA:80,2
DA:81,1
DA:83,8
DA:89,2
DA:90,2
DA:92,2
DA:93,2
DA:95,2
DA:96,2
DA:97,4
DA:98,4
DA:99,2
DA:102,6
DA:103,4
DA:104,4
DA:105,4
DA:107,2
DA:109,6
DA:111,3
DA:115,1
DA:116,1
DA:118,1
DA:119,1
DA:121,1
DA:122,1
DA:123,2
DA:124,2
DA:125,1
DA:128,1
DA:129,2
DA:130,2
DA:131,2
DA:133,1
DA:135,3
DA:137,3
DA:141,1
DA:142,1
DA:144,1
DA:145,1
DA:147,1
DA:148,1
DA:149,2
DA:150,2
DA:151,1
DA:154,1
DA:155,2
DA:156,2
DA:157,2
DA:159,1
DA:161,3
DA:163,3
DA:167,2
DA:168,2
DA:169,2
DA:170,2
DA:171,2
DA:172,6
DA:173,6
DA:175,2
DA:176,2
DA:178,2
DA:180,4
DA:181,4
DA:186,4
DA:187,4
DA:188,4
DA:192,6
DA:194,8
LF:81
LH:81
end_of_record
SF:lib/presentation/widgets/recent_copy_tile.dart
DA:12,0
DA:24,0
DA:26,0
DA:28,0
DA:30,0
DA:33,0
DA:35,0
DA:36,0
DA:37,0
DA:41,0
DA:44,0
DA:46,0
DA:50,0
DA:51,0
DA:52,0
DA:53,0
DA:61,0
DA:62,0
LF:18
LH:0
end_of_record
SF:lib/presentation/widgets/keyboard_key.dart
DA:13,2
DA:54,2
DA:65,4
DA:116,2
DA:118,2
DA:119,4
DA:120,4
DA:126,2
DA:128,2
DA:130,2
DA:132,2
DA:133,2
DA:134,2
DA:135,0
DA:136,0
DA:137,0
DA:141,2
DA:142,2
DA:143,2
DA:144,2
DA:145,1
DA:146,1
DA:147,2
DA:149,2
DA:150,2
DA:159,1
DA:160,1
DA:161,1
DA:162,1
DA:163,1
DA:164,1
DA:165,1
DA:166,0
DA:167,1
DA:168,1
DA:172,2
DA:173,2
DA:174,2
DA:175,2
DA:176,2
DA:177,2
DA:178,2
DA:179,2
DA:184,2
DA:185,2
DA:187,2
DA:196,2
DA:197,2
DA:198,4
DA:200,4
DA:201,2
DA:209,2
DA:214,2
DA:220,1
DA:223,2
DA:225,2
DA:226,2
DA:228,2
DA:235,2
DA:237,2
DA:248,2
DA:249,4
DA:252,2
DA:254,2
DA:255,2
DA:260,2
DA:261,0
DA:265,0
DA:267,0
LF:69
LH:62
end_of_record
SF:lib/presentation/widgets/tag_filter_chips.dart
DA:11,1
DA:55,1
DA:57,1
DA:58,2
DA:60,1
DA:62,1
DA:65,1
DA:67,1
DA:68,1
DA:70,1
DA:72,1
DA:73,1
DA:74,3
DA:80,1
DA:82,1
DA:85,2
DA:86,3
DA:92,2
DA:93,2
DA:95,1
DA:97,1
DA:98,3
DA:99,3
DA:110,1
DA:118,1
DA:119,1
DA:121,1
DA:123,2
DA:124,2
DA:131,2
DA:132,2
DA:136,3
LF:32
LH:32
end_of_record
